{"C:\\Users\\Nidhin A Manjaly\\Desktop\\serverlesscicd-main\\serverlesscicd-main\\handler.js": {"path":"C:\\Users\\Nidhin A Manjaly\\Desktop\\serverlesscicd-main\\serverlesscicd-main\\handler.js","statementMap":{"0":{"start":{"line":1,"column":15},"end":{"line":1,"column":41}},"1":{"start":{"line":3,"column":0},"end":{"line":21,"column":2}},"2":{"start":{"line":4,"column":11},"end":{"line":4,"column":24}},"3":{"start":{"line":6,"column":2},"end":{"line":15,"column":3}},"4":{"start":{"line":7,"column":4},"end":{"line":7,"column":40}},"5":{"start":{"line":9,"column":4},"end":{"line":14,"column":5}},"6":{"start":{"line":10,"column":6},"end":{"line":13,"column":8}},"7":{"start":{"line":17,"column":2},"end":{"line":20,"column":4}}},"fnMap":{"0":{"name":"(anonymous_0)","decl":{"start":{"line":3,"column":27},"end":{"line":3,"column":28}},"loc":{"start":{"line":3,"column":44},"end":{"line":21,"column":1}},"line":3}},"branchMap":{"0":{"loc":{"start":{"line":6,"column":2},"end":{"line":15,"column":3}},"type":"if","locations":[{"start":{"line":6,"column":2},"end":{"line":15,"column":3}},{"start":{"line":6,"column":2},"end":{"line":15,"column":3}}],"line":6},"1":{"loc":{"start":{"line":6,"column":6},"end":{"line":6,"column":67}},"type":"binary-expr","locations":[{"start":{"line":6,"column":6},"end":{"line":6,"column":33}},{"start":{"line":6,"column":37},"end":{"line":6,"column":67}}],"line":6},"2":{"loc":{"start":{"line":9,"column":4},"end":{"line":14,"column":5}},"type":"if","locations":[{"start":{"line":9,"column":4},"end":{"line":14,"column":5}},{"start":{"line":9,"column":4},"end":{"line":14,"column":5}}],"line":9}},"s":{"0":1,"1":1,"2":3,"3":3,"4":2,"5":2,"6":1,"7":2},"f":{"0":3},"b":{"0":[2,1],"1":[3,3],"2":[1,1]},"_coverageSchema":"332fd63041d2c1bcb487cc26dd0d5f7d97098a6c","hash":"9632d54fe1b45060bb8604bfa66debb8263b1277"}
}
